vim: ft=logtalk

23.03.11 17:18 *Asr*
Alert

prayer

23.03.11 17:48
Al-Hijr
15
Hazza

23.03.11 17:52
Al-Hijr
15
Hazza

23.03.11 18:00
scripts/Battery
Battery below maintenance level


23.03.11 18:05
Al-Hijr
15
Hazza

23.03.11 18:05
Waves 1
1
noise

23.03.11 18:08
levels/bright
 


23.03.11 18:08
levels/bright
 


23.03.11 18:08
levels/bright
 


23.03.11 18:08
levels/bright
 


23.03.11 18:08
levels/bright
 


23.03.11 18:08
levels/bright
 


23.03.11 18:08
levels/bright
 


23.03.11 18:08
levels/bright
 


23.03.11 18:08
levels/bright
 


23.03.11 18:08
levels/bright
 


23.03.11 18:08
levels/bright
 


23.03.11 18:08
levels/bright
 


23.03.11 18:08
levels/bright
 


23.03.11 18:08
levels/bright
 


23.03.11 18:08
levels/bright
 


23.03.11 18:08
levels/bright
 


23.03.11 18:08
levels/bright
 


23.03.11 18:08
levels/bright
 


23.03.11 18:08
levels/bright
 


23.03.11 18:08
levels/bright
 


23.03.11 18:08
levels/bright
 


23.03.11 18:15
scripts/Battery
Battery below maintenance level


23.03.11 18:30
scripts/Battery
Battery below maintenance level


23.03.11 18:37
Prayer
Maghrib


23.03.11 19:03
notif

Keyboard Disconnected (BT)

23.03.11 19:03
notif

Keyboard Connected (BT)

23.03.11 19:14
Waves 1
1
noise

23.03.11 19:24
notif

Keyboard Disconnected (BT)

23.03.11 19:24
notif

Keyboard Connected (BT)

23.03.11 19:27
levels/bright
 


23.03.11 19:27
levels/bright
 


23.03.11 19:27
levels/bright
 


23.03.11 19:27
levels/bright
 


23.03.11 19:27
levels/bright
 


23.03.11 19:27
levels/bright
 


23.03.11 19:27
levels/bright
 


23.03.11 19:27
levels/bright
 


23.03.11 19:27
levels/bright
 


23.03.11 19:27
levels/bright
 


23.03.11 19:27
levels/bright
 


23.03.11 19:27
levels/bright
 


23.03.11 19:27
levels/bright
 


23.03.11 19:27
levels/bright
 


23.03.11 19:27
levels/bright
 


23.03.11 19:27
levels/bright
 


23.03.11 19:27
levels/bright
 


23.03.11 19:27
levels/bright
 


23.03.11 19:27
levels/bright
 


23.03.11 19:27
levels/bright
 


23.03.11 19:33
Prayer
Isha


23.03.11 20:14
notif

Keyboard Disconnected (BT)

23.03.11 20:17
notif

Keyboard Connected (BT)

23.03.11 20:20
notif

Keyboard Connected (USB)

23.03.11 20:22
levels/bright
 


23.03.11 20:22
levels/bright
 


23.03.11 20:22
levels/bright
 


23.03.11 20:22
levels/bright
 


23.03.11 20:22
levels/bright
 


23.03.11 20:22
levels/bright
 


23.03.11 20:22
levels/bright
 


23.03.11 20:22
levels/bright
 


23.03.11 20:22
levels/bright
 


23.03.11 20:22
levels/bright
 


23.03.11 20:22
scripts/status
Battery fully charged


23.03.11 20:22
scripts/status
Battery fully charged


23.03.11 20:22
scripts/status
Battery fully charged


23.03.11 21:14
notif

Keyboard Disconnected (BT)

23.03.11 21:15
notif

Keyboard Connected (BT)

23.03.12 12:28
notif

Keyboard Disconnected (BT)

23.03.12 12:29
notif

Keyboard Connected (BT)

23.03.12 12:32
levels/bright
 


23.03.12 12:32
levels/bright
 


23.03.12 12:32
levels/bright
 


23.03.12 12:32
levels/bright
 


23.03.12 12:32
levels/bright
 


23.03.12 12:32
levels/bright
 


23.03.12 12:32
levels/bright
 


23.03.12 12:32
levels/bright
 


23.03.12 12:32
levels/bright
 


23.03.12 12:32
levels/bright
 


23.03.12 12:32
levels/bright
 


23.03.12 12:32
levels/bright
 


23.03.12 12:32
levels/bright
 


23.03.12 12:32
levels/bright
 


23.03.12 12:32
levels/bright
 


23.03.12 12:32
levels/bright
 


23.03.12 12:32
levels/bright
 


23.03.12 12:32
levels/bright
 


23.03.12 12:32
levels/bright
 


23.03.12 12:32
levels/bright
 


23.03.12 12:32
levels/bright
 


23.03.12 12:32
levels/bright
 


23.03.12 12:32
levels/bright
 


23.03.12 12:58
notif

Keyboard Disconnected (BT)

23.03.12 12:58
notif

Keyboard Connected (BT)

23.03.12 13:00
scripts/Battery
Battery below maintenance level


23.03.12 13:12
notif

Keyboard Disconnected (BT)

23.03.12 13:15
scripts/Battery
Battery below maintenance level


23.03.12 13:30
scripts/Battery
Battery below maintenance level


23.03.12 13:45
scripts/Battery
Battery below maintenance level


23.03.12 13:47
Prayer
Duhr


23.03.12 13:53
notif

Keyboard Connected (BT)

23.03.12 14:00
scripts/Battery
Battery below maintenance level


23.03.12 14:15
scripts/Battery
Battery below maintenance level


23.03.12 14:30
scripts/Battery
Battery below maintenance level


23.03.12 14:45
scripts/Battery
Battery below maintenance level


23.03.12 15:00
scripts/Battery
Battery below maintenance level


23.03.12 15:15
scripts/Battery
Battery below maintenance level


23.03.12 15:30
scripts/Battery
Battery below maintenance level


23.03.12 15:45
scripts/Battery
Battery below maintenance level


23.03.12 15:52
levels/bright
 


23.03.12 15:52
levels/bright
 


23.03.12 15:52
levels/bright
 


23.03.12 16:59
Prayer
Asr


23.03.12 17:10
notif



23.03.12 17:10
notif

/home/u/tmp/downloads/index.html

23.03.12 17:46
scripts/status
Battery fully charged


23.03.12 18:38
notif

Keyboard Disconnected (BT)

23.03.12 19:38
Prayer
Maghrib


23.03.12 20:34
Prayer
Isha


23.03.12 21:08
notif

Keyboard Connected (BT)

23.03.13 11:14
notif

Keyboard Disconnected (BT)

23.03.13 11:14
notif

Keyboard Connected (BT)

23.03.13 12:00
scripts/Battery
Battery below maintenance level


23.03.13 12:15
scripts/Battery
Battery below maintenance level


23.03.13 12:30
scripts/Battery
Battery below maintenance level


23.03.13 12:45
scripts/Battery
Battery below maintenance level


23.03.13 12:45
levels/bright
 


23.03.13 12:45
levels/bright
 


23.03.13 12:45
levels/bright
 


23.03.13 12:45
levels/bright
 


23.03.13 12:45
levels/bright
 


23.03.13 12:45
levels/bright
 


23.03.13 12:45
levels/bright
 


23.03.13 12:45
levels/bright
 


23.03.13 12:45
levels/bright
 


23.03.13 12:45
levels/bright
 


23.03.13 12:45
levels/bright
 


23.03.13 12:45
levels/bright
 


23.03.13 12:45
levels/bright
 


23.03.13 12:45
levels/bright
 


23.03.13 12:45
levels/bright
 


23.03.13 12:45
levels/bright
 


23.03.13 12:45
levels/bright
 


23.03.13 12:45
levels/bright
 


23.03.13 12:45
levels/bright
 


23.03.13 12:45
levels/bright
 


23.03.13 12:45
levels/bright
 


23.03.13 12:45
levels/bright
 


23.03.13 12:45
levels/bright
 


23.03.13 12:45
levels/bright
 


23.03.13 12:45
levels/bright
 


23.03.13 12:45
levels/bright
 


23.03.13 12:45
levels/bright
 


23.03.13 12:45
levels/bright
 


23.03.13 12:45
levels/bright
 


23.03.13 12:45
levels/bright
 


23.03.13 12:45
levels/bright
 


23.03.13 12:45
levels/bright
 


23.03.13 12:45
levels/bright
 


23.03.13 13:00
scripts/Battery
Battery below maintenance level


23.03.13 13:15
scripts/Battery
Battery below maintenance level


23.03.13 13:30
scripts/Battery
Battery below maintenance level


23.03.13 13:43
levels/vol
Vol: 


23.03.13 13:43
levels/vol
Vol: 


23.03.13 13:43
levels/vol
Vol: 


23.03.13 13:43
levels/vol
Vol: 


23.03.13 13:43
levels/vol
Vol: 


23.03.13 13:43
levels/vol
Vol: 


23.03.13 13:43
levels/vol
Vol: 


23.03.13 13:45
scripts/Battery
Battery below maintenance level


23.03.13 13:47
Prayer
Duhr


23.03.13 14:00
scripts/Battery
Battery below maintenance level


23.03.13 14:10
levels/vol
Vol: muted


23.03.13 14:10
levels/vol
Vol: 


23.03.13 14:15
scripts/Battery
Battery below maintenance level


23.03.13 14:30
scripts/Battery
Battery below maintenance level


23.03.13 14:35
notif

Keyboard Disconnected (BT)

23.03.13 14:36
notif

Keyboard Connected (BT)

23.03.13 14:45
scripts/Battery
Battery below maintenance level


23.03.13 14:49
notif

/home/u/git/ysftaha.com/hero/index.html

23.03.13 15:00
scripts/Battery
Battery below maintenance level


23.03.13 17:00
Prayer
Asr


23.03.13 17:15
scripts/status
Battery fully charged


23.03.13 17:15
scripts/status
Battery fully charged


23.03.13 17:15
scripts/status
Battery fully charged


23.03.13 17:15
scripts/status
Battery fully charged


23.03.13 17:16
scripts/status
Battery fully charged


23.03.13 17:16
scripts/status
Battery fully charged


23.03.13 17:16
scripts/status
Battery fully charged


23.03.13 17:16
scripts/status
Battery fully charged


23.03.13 17:16
scripts/status
Battery fully charged


23.03.13 17:16
scripts/status
Battery fully charged


23.03.13 17:16
scripts/status
Battery fully charged


23.03.13 17:16
notif

Keyboard Disconnected (BT)

23.03.13 17:16
scripts/status
Battery fully charged


23.03.13 17:16
scripts/status
Battery fully charged


23.03.13 17:16
scripts/status
Battery fully charged


23.03.13 17:16
notif

Keyboard Connected (BT)

23.03.13 17:17
scripts/status
Battery fully charged


23.03.13 17:17
scripts/status
Battery fully charged


23.03.13 17:17
scripts/status
Battery fully charged


23.03.13 17:17
scripts/status
Battery fully charged


23.03.13 17:17
scripts/status
Battery fully charged


23.03.13 17:17
scripts/status
Battery fully charged


23.03.13 17:18
scripts/status
Battery fully charged


23.03.13 17:18
scripts/status
Battery fully charged


23.03.13 17:18
scripts/status
Battery fully charged


23.03.13 17:18
scripts/status
Battery fully charged


23.03.13 17:18
scripts/status
Battery fully charged


23.03.13 17:18
scripts/status
Battery fully charged


23.03.13 17:18
scripts/status
Battery fully charged


23.03.13 17:18
scripts/status
Battery fully charged


23.03.13 17:18
scripts/status
Battery fully charged


23.03.13 17:18
scripts/status
Battery fully charged


23.03.13 17:18
scripts/status
Battery fully charged


23.03.13 17:32
notif

Keyboard Disconnected (BT)

23.03.13 17:33
notif

Keyboard Connected (BT)

23.03.13 17:47
notif



23.03.13 18:17
notif

Keyboard Disconnected (BT)

23.03.13 18:19
notif

Keyboard Connected (BT)

23.03.13 18:25
notif

/home/u/git/ysftaha.com/hero/index.html

23.03.13 19:30
scripts/Battery
Battery below maintenance level


23.03.13 19:39
Prayer
Maghrib


23.03.13 19:41
notif

Keyboard Disconnected (BT)

23.03.13 19:45
scripts/Battery
Battery below maintenance level


23.03.13 20:00
scripts/Battery
Battery below maintenance level


23.03.13 20:15
scripts/Battery
Battery below maintenance level


23.03.13 20:18
notif

Keyboard Connected (BT)

23.03.13 20:21
levels/bright
 


23.03.13 20:21
levels/bright
 


23.03.13 20:21
levels/bright
 


23.03.13 20:21
levels/bright
 


23.03.13 20:21
levels/bright
 


23.03.13 20:21
levels/bright
 


23.03.13 20:21
levels/bright
 


23.03.13 20:21
levels/bright
 


23.03.13 20:21
levels/bright
 


23.03.13 20:21
levels/bright
 


23.03.13 20:21
levels/bright
 


23.03.13 20:21
levels/bright
 


23.03.13 20:21
levels/bright
 


23.03.13 20:34
Prayer
Isha


23.03.13 21:30
Sleep Warning

<b>Sleep</b> in 15 minutes

23.03.13 21:42
scripts/status
Battery fully charged


23.03.13 22:12
notif

/home/u/git/ysftaha.com/hero/index2.html

23.03.14 07:04
notif

Keyboard Disconnected (BT)

23.03.14 07:05
notif

Keyboard Connected (BT)

23.03.14 07:05
levels/bright
 


23.03.14 07:05
levels/bright
 


23.03.14 07:09
levels/vol
Vol: 


23.03.14 07:09
levels/vol
Vol: 


23.03.14 07:09
levels/vol
Vol: 


23.03.14 07:09
levels/vol
Vol: 


23.03.14 07:09
levels/vol
Vol: 


23.03.14 07:09
levels/vol
Vol: 


23.03.14 07:09
levels/vol
Vol: 


23.03.14 07:09
levels/vol
Vol: 


23.03.14 07:09
levels/vol
Vol: 


23.03.14 07:09
levels/vol
Vol: 


23.03.14 07:09
levels/vol
Vol: 


23.03.14 07:09
levels/vol
Vol: 


23.03.14 07:09
levels/vol
Vol: 


23.03.14 07:09
levels/vol
Vol: 


23.03.14 07:09
levels/vol
Vol: 


23.03.14 07:09
levels/vol
Vol: 


23.03.14 07:09
levels/vol
Vol: 


23.03.14 07:09
levels/vol
Vol: 


23.03.14 07:09
levels/vol
Vol: 


23.03.14 07:09
levels/vol
Vol: 


23.03.14 07:09
levels/vol
Vol: 


23.03.14 07:09
levels/vol
Vol: 


23.03.14 07:09
levels/vol
Vol: 


23.03.14 07:09
levels/vol
Vol: 


23.03.14 07:09
levels/vol
Vol: 


23.03.14 07:09
levels/vol
Vol: 


23.03.14 07:09
levels/vol
Vol: 


23.03.14 07:09
levels/vol
Vol: 


23.03.14 07:09
levels/vol
Vol: 


23.03.14 07:09
levels/vol
Vol: 


23.03.14 07:09
levels/vol
Vol: 


23.03.14 07:09
levels/vol
Vol: 


23.03.14 07:09
levels/vol
Vol: 


23.03.14 07:09
levels/vol
Vol: 


23.03.14 07:09
levels/vol
Vol: 


23.03.14 07:09
levels/vol
Vol: 


23.03.14 07:09
levels/vol
Vol: 


23.03.14 07:09
levels/vol
Vol: 


23.03.14 07:09
levels/vol
Vol: 


23.03.14 07:09
levels/vol
Vol: 


23.03.14 07:09
levels/vol
Vol: 


23.03.14 07:09
levels/vol
Vol: 


23.03.14 07:09
levels/vol
Vol: 


23.03.14 07:21
levels/vol
Vol: 


23.03.14 07:21
levels/vol
Vol: 


23.03.14 07:21
levels/vol
Vol: 


23.03.14 07:21
levels/vol
Vol: 


23.03.14 07:21
levels/vol
Vol: 


23.03.14 07:21
levels/vol
Vol: 


23.03.14 07:21
levels/vol
Vol: 


23.03.14 07:21
levels/vol
Vol: 


23.03.14 07:21
levels/vol
Vol: 


23.03.14 07:21
levels/vol
Vol: 


23.03.14 07:46
Prayer
sunrise


23.03.14 08:26
scripts/status
Battery fully charged


23.03.14 08:26
scripts/status
Battery fully charged


23.03.14 08:28
levels/vol
Vol: muted


23.03.14 08:28
levels/vol
Vol: 


23.03.14 08:29
levels/vol
Vol: 


23.03.14 08:29
levels/vol
Vol: 


23.03.14 08:29
levels/vol
Vol: 


23.03.14 08:29
levels/vol
Vol: 


23.03.14 08:29
levels/vol
Vol: 


23.03.14 08:29
levels/vol
Vol: 


23.03.14 08:29
levels/vol
Vol: 


23.03.14 08:29
levels/vol
Vol: 


23.03.14 08:29
levels/vol
Vol: 


23.03.14 08:29
levels/vol
Vol: 


23.03.14 08:29
levels/vol
Vol: 


23.03.14 08:29
levels/vol
Vol: 


23.03.14 08:29
levels/vol
Vol: 


23.03.14 08:29
levels/vol
Vol: 


23.03.14 08:29
levels/vol
Vol: 


23.03.14 10:36
levels/vol
Vol: 


23.03.14 10:36
levels/vol
Vol: 


23.03.14 10:36
levels/vol
Vol: 


23.03.14 10:36
levels/vol
Vol: 


23.03.14 10:36
levels/vol
Vol: 


23.03.14 10:36
levels/vol
Vol: 


23.03.14 10:36
levels/vol
Vol: 


23.03.14 10:36
levels/vol
Vol: 


23.03.14 10:36
levels/vol
Vol: 


23.03.14 10:36
levels/vol
Vol: 


23.03.14 10:36
levels/vol
Vol: 


23.03.14 10:36
levels/vol
Vol: 


23.03.14 10:36
levels/vol
Vol: 


23.03.14 10:36
levels/vol
Vol: 


23.03.14 10:36
levels/vol
Vol: 


23.03.14 10:36
levels/vol
Vol: 


23.03.14 10:36
levels/vol
Vol: 


23.03.14 10:36
levels/vol
Vol: 


23.03.14 10:36
levels/vol
Vol: 


23.03.14 10:36
levels/vol
Vol: 


23.03.14 11:10
Alert

pomo 1h

23.03.14 12:22
levels/vol
Vol: 


23.03.14 12:22
levels/vol
Vol: 


23.03.14 12:22
levels/vol
Vol: 


23.03.14 12:22
levels/vol
Vol: 


23.03.14 12:22
levels/vol
Vol: 


23.03.14 12:22
levels/vol
Vol: 


23.03.14 12:22
levels/vol
Vol: 


23.03.14 12:22
levels/vol
Vol: 


23.03.14 12:22
levels/vol
Vol: 


23.03.14 12:22
levels/vol
Vol: 


23.03.14 12:22
levels/vol
Vol: 


23.03.14 12:22
levels/vol
Vol: 


23.03.14 12:22
levels/vol
Vol: 


23.03.14 12:22
levels/vol
Vol: 


23.03.14 12:22
levels/vol
Vol: 


23.03.14 12:22
levels/vol
Vol: 


23.03.14 12:22
levels/vol
Vol: 


23.03.14 12:22
levels/vol
Vol: 


23.03.14 12:22
levels/vol
Vol: 


23.03.14 12:22
levels/vol
Vol: 


23.03.14 12:22
levels/vol
Vol: 


23.03.14 12:22
levels/vol
Vol: 


23.03.14 12:22
levels/vol
Vol: 


23.03.14 12:22
levels/vol
Vol: 


23.03.14 12:22
levels/vol
Vol: 


23.03.14 19:13
notif

Keyboard Disconnected (BT)

23.03.14 19:13
notif

Keyboard Connected (BT)

23.03.14 19:20
levels/vol
Vol: muted


23.03.14 19:40
Prayer
Maghrib


23.03.14 19:57
notif

Keyboard Disconnected (BT)

23.03.14 20:25
notif

Keyboard Connected (BT)

23.03.14 20:35
Prayer
Isha


23.03.14 20:38
levels/vol
Vol: muted


23.03.14 20:38
levels/vol
Vol: 


23.03.14 21:30
scripts/Battery
Battery below maintenance level


23.03.14 21:30
Sleep Warning

<b>Sleep</b> in 15 minutes

23.03.14 21:31
levels/vol
Vol: 


23.03.14 21:31
levels/vol
Vol: 


23.03.14 21:31
levels/vol
Vol: 


23.03.14 21:31
levels/vol
Vol: 


23.03.14 21:31
levels/vol
Vol: 


23.03.14 21:31
levels/vol
Vol: 


23.03.14 21:31
levels/vol
Vol: 


23.03.14 21:31
levels/vol
Vol: 


23.03.14 21:31
levels/vol
Vol: 


23.03.14 21:31
levels/vol
Vol: 


23.03.14 21:31
levels/vol
Vol: 


23.03.14 21:31
levels/vol
Vol: 


23.03.14 21:31
levels/vol
Vol: 


23.03.14 21:31
levels/vol
Vol: 


23.03.14 21:31
levels/vol
Vol: 


23.03.14 21:31
levels/vol
Vol: 


23.03.14 21:31
levels/vol
Vol: 


23.03.14 21:31
levels/vol
Vol: 


23.03.14 21:31
levels/vol
Vol: 


23.03.14 21:31
levels/vol
Vol: 


23.03.14 21:31
levels/vol
Vol: 


23.03.14 21:31
levels/vol
Vol: 


23.03.14 21:31
levels/vol
Vol: 


23.03.14 21:31
levels/vol
Vol: 


23.03.14 21:31
levels/vol
Vol: 


23.03.14 21:38
levels/vol
Vol: 


23.03.14 21:38
levels/vol
Vol: 


23.03.14 21:38
levels/vol
Vol: 


23.03.14 21:38
levels/vol
Vol: 


23.03.14 21:38
levels/vol
Vol: 


23.03.14 21:38
levels/vol
Vol: 


23.03.14 21:38
levels/vol
Vol: 


23.03.14 21:38
levels/vol
Vol: 


23.03.14 21:38
levels/vol
Vol: 


23.03.14 21:38
levels/vol
Vol: 


23.03.14 21:38
levels/vol
Vol: 


23.03.14 21:38
levels/vol
Vol: 


23.03.14 21:38
levels/vol
Vol: 


23.03.14 21:39
levels/vol
Vol: 


23.03.14 21:39
levels/vol
Vol: 


23.03.14 21:45
scripts/Battery
Battery below maintenance level


23.03.14 21:55
notif

Keyboard Disconnected (BT)

23.03.14 21:55
notif

Keyboard Connected (BT)

23.03.14 22:00
scripts/Battery
Battery below maintenance level


23.03.14 22:15
scripts/Battery
Battery below maintenance level


23.03.14 23:41
scripts/status
Battery fully charged


23.03.14 23:42
scripts/status
Battery fully charged


23.03.14 23:42
scripts/status
Battery fully charged


23.03.14 23:53
notif

Keyboard Disconnected (BT)

23.03.14 23:56
notif

Keyboard Connected (BT)

23.03.15 00:01
scripts/status
Battery fully charged


23.03.15 00:02
scripts/status
Battery fully charged


23.03.15 00:02
scripts/status
Battery fully charged


23.03.15 00:04
scripts/status
Battery fully charged


23.03.15 00:04
scripts/status
Battery fully charged


23.03.15 00:04
scripts/status
Battery fully charged


23.03.15 01:07
levels/vol
Vol: 


23.03.15 01:07
levels/vol
Vol: 


23.03.15 01:07
levels/vol
Vol: 


23.03.15 01:07
levels/vol
Vol: 


23.03.15 01:07
levels/vol
Vol: 


23.03.15 01:07
levels/vol
Vol: 


23.03.15 01:07
levels/vol
Vol: 


23.03.15 01:07
levels/vol
Vol: 


23.03.15 01:07
levels/vol
Vol: 


23.03.15 01:07
levels/vol
Vol: 


23.03.15 01:07
levels/vol
Vol: 


23.03.15 01:07
levels/vol
Vol: 


23.03.15 01:07
levels/vol
Vol: 


23.03.15 01:07
levels/vol
Vol: 


23.03.15 01:07
levels/vol
Vol: 


23.03.15 01:17
notif

Keyboard Disconnected (BT)

23.03.15 01:19
notif

Keyboard Connected (BT)

23.03.15 02:24
notif

watching: swe portfolio -> WW3 upon us -> fml -> stoicism -> comedy

23.03.15 02:57
levels/bright
 


23.03.15 02:57
levels/bright
 


23.03.15 02:57
levels/bright
 


23.03.15 02:57
levels/bright
 


23.03.15 02:57
levels/bright
 


23.03.15 02:57
levels/bright
 


23.03.15 02:57
levels/bright
 


23.03.15 02:57
levels/bright
 


23.03.15 02:57
levels/bright
 


23.03.15 03:00
notif

Keyboard Disconnected (BT)

23.03.15 03:00
notif

Keyboard Connected (BT)

23.03.15 06:15
notif

Keyboard Disconnected (BT)

23.03.15 06:15
notif

Keyboard Connected (BT)

23.03.15 07:00
Alert

<b>Hibernating</b> in 15m

23.03.15 07:44
Prayer
sunrise


23.03.15 08:07
levels/vol
Vol: 


23.03.15 08:07
levels/vol
Vol: 


23.03.15 08:07
levels/vol
Vol: 


23.03.15 08:07
levels/vol
Vol: 


23.03.15 08:07
levels/vol
Vol: 


23.03.15 08:07
levels/vol
Vol: 


23.03.15 08:07
levels/vol
Vol: 


23.03.15 08:07
levels/vol
Vol: 


23.03.15 08:09
levels/vol
Vol: 


23.03.15 08:09
levels/vol
Vol: 


23.03.15 08:09
levels/vol
Vol: 


23.03.15 08:09
levels/vol
Vol: 


23.03.15 08:09
levels/vol
Vol: 


23.03.15 08:09
levels/vol
Vol: 


23.03.15 08:40
notif

Keyboard Disconnected (BT)

23.03.15 08:48
scripts/status
Battery fully charged


23.03.15 08:48
scripts/status
Battery fully charged


23.03.15 08:48
scripts/status
Battery fully charged


23.03.15 08:48
scripts/status
Battery fully charged


23.03.15 08:48
scripts/status
Battery fully charged


23.03.15 08:48
scripts/status
Battery fully charged


23.03.15 08:48
scripts/status
Battery fully charged


23.03.15 08:49
scripts/status
Battery fully charged


23.03.15 08:49
scripts/status
Battery fully charged


23.03.15 08:49
scripts/status
Battery fully charged


23.03.15 08:49
scripts/status
Battery fully charged


23.03.15 08:49
scripts/status
Battery fully charged


23.03.15 08:49
scripts/status
Battery fully charged


23.03.15 08:49
scripts/status
Battery fully charged


23.03.15 08:49
scripts/status
Battery fully charged


23.03.15 08:49
scripts/status
Battery fully charged


23.03.15 08:49
scripts/status
Battery fully charged


23.03.15 08:49
scripts/status
Battery fully charged


23.03.15 08:49
scripts/status
Battery fully charged


23.03.15 08:49
scripts/status
Battery fully charged


23.03.15 08:49
scripts/status
Battery fully charged


23.03.15 08:50
scripts/status
Battery fully charged


23.03.15 08:50
scripts/status
Battery fully charged


23.03.15 08:50
scripts/status
Battery fully charged


23.03.15 08:50
scripts/status
Battery fully charged


23.03.15 08:50
scripts/status
Battery fully charged


23.03.15 08:50
scripts/status
Battery fully charged


23.03.15 08:50
scripts/status
Battery fully charged


23.03.15 08:50
scripts/status
Battery fully charged


23.03.15 08:50
scripts/status
Battery fully charged


23.03.15 08:50
scripts/status
Battery fully charged


23.03.15 08:50
scripts/status
Battery fully charged


23.03.15 08:50
scripts/status
Battery fully charged


23.03.15 08:50
scripts/status
Battery fully charged


23.03.15 08:50
scripts/status
Battery fully charged


23.03.15 08:51
scripts/status
Battery fully charged


23.03.15 08:51
scripts/status
Battery fully charged


23.03.15 08:51
scripts/status
Battery fully charged


23.03.15 08:51
scripts/status
Battery fully charged


23.03.15 08:51
scripts/status
Battery fully charged


23.03.15 08:51
scripts/status
Battery fully charged


23.03.15 08:51
scripts/status
Battery fully charged


23.03.15 08:51
scripts/status
Battery fully charged


23.03.15 08:51
scripts/status
Battery fully charged


23.03.15 08:51
scripts/status
Battery fully charged


23.03.15 08:51
scripts/status
Battery fully charged


23.03.15 08:51
scripts/status
Battery fully charged


23.03.15 08:51
scripts/status
Battery fully charged


23.03.15 08:52
scripts/status
Battery fully charged


23.03.15 08:52
scripts/status
Battery fully charged


23.03.15 08:52
scripts/status
Battery fully charged


23.03.15 08:52
scripts/status
Battery fully charged


23.03.15 08:52
scripts/status
Battery fully charged


23.03.15 08:52
scripts/status
Battery fully charged


23.03.15 08:52
scripts/status
Battery fully charged


23.03.15 08:52
scripts/status
Battery fully charged


23.03.15 08:52
scripts/status
Battery fully charged


23.03.15 08:52
scripts/status
Battery fully charged


23.03.15 08:52
scripts/status
Battery fully charged


23.03.15 08:52
scripts/status
Battery fully charged


23.03.15 08:52
scripts/status
Battery fully charged


23.03.15 08:52
scripts/status
Battery fully charged


23.03.15 08:53
scripts/status
Battery fully charged


23.03.15 08:53
scripts/status
Battery fully charged


23.03.15 08:53
scripts/status
Battery fully charged


23.03.15 08:53
scripts/status
Battery fully charged


23.03.15 08:53
scripts/status
Battery fully charged


23.03.15 08:53
scripts/status
Battery fully charged


23.03.15 08:53
scripts/status
Battery fully charged


23.03.15 08:53
scripts/status
Battery fully charged


23.03.15 08:53
scripts/status
Battery fully charged


23.03.15 08:53
scripts/status
Battery fully charged


23.03.15 08:53
scripts/status
Battery fully charged


23.03.15 08:53
scripts/status
Battery fully charged


23.03.15 08:53
scripts/status
Battery fully charged


23.03.15 08:53
scripts/status
Battery fully charged


23.03.15 08:54
scripts/status
Battery fully charged


23.03.15 08:54
scripts/status
Battery fully charged


23.03.15 08:54
scripts/status
Battery fully charged


23.03.15 08:54
scripts/status
Battery fully charged


23.03.15 08:54
scripts/status
Battery fully charged


23.03.15 08:54
scripts/status
Battery fully charged


23.03.15 08:54
scripts/status
Battery fully charged


23.03.15 08:54
scripts/status
Battery fully charged


23.03.15 08:54
scripts/status
Battery fully charged


23.03.15 08:54
scripts/status
Battery fully charged


23.03.15 08:54
scripts/status
Battery fully charged


23.03.15 08:54
scripts/status
Battery fully charged


23.03.15 08:54
scripts/status
Battery fully charged


23.03.15 08:54
scripts/status
Battery fully charged


23.03.15 08:55
scripts/status
Battery fully charged


23.03.15 08:55
scripts/status
Battery fully charged


23.03.15 08:55
scripts/status
Battery fully charged


23.03.15 08:55
scripts/status
Battery fully charged


23.03.15 08:55
scripts/status
Battery fully charged


23.03.15 08:55
scripts/status
Battery fully charged


23.03.15 08:55
scripts/status
Battery fully charged


23.03.15 08:55
scripts/status
Battery fully charged


23.03.15 08:55
scripts/status
Battery fully charged


23.03.15 08:55
scripts/status
Battery fully charged


23.03.15 08:55
scripts/status
Battery fully charged


23.03.15 08:55
scripts/status
Battery fully charged


23.03.15 08:55
scripts/status
Battery fully charged


23.03.15 08:55
scripts/status
Battery fully charged


23.03.15 08:56
scripts/status
Battery fully charged


23.03.15 08:56
scripts/status
Battery fully charged


23.03.15 08:56
scripts/status
Battery fully charged


23.03.15 08:56
scripts/status
Battery fully charged


23.03.15 08:56
scripts/status
Battery fully charged


23.03.15 08:56
scripts/status
Battery fully charged


23.03.15 08:56
scripts/status
Battery fully charged


23.03.15 08:56
scripts/status
Battery fully charged


23.03.15 08:56
scripts/status
Battery fully charged


23.03.15 08:56
scripts/status
Battery fully charged


23.03.15 08:56
scripts/status
Battery fully charged


23.03.15 08:56
scripts/status
Battery fully charged


23.03.15 08:56
scripts/status
Battery fully charged


23.03.15 08:57
scripts/status
Battery fully charged


23.03.15 08:57
scripts/status
Battery fully charged


23.03.15 08:57
scripts/status
Battery fully charged


23.03.15 08:57
scripts/status
Battery fully charged


23.03.15 08:57
scripts/status
Battery fully charged


23.03.15 08:57
scripts/status
Battery fully charged


23.03.15 08:57
scripts/status
Battery fully charged


23.03.15 08:57
scripts/status
Battery fully charged


23.03.15 08:57
scripts/status
Battery fully charged


23.03.15 08:57
scripts/status
Battery fully charged


23.03.15 08:57
scripts/status
Battery fully charged


23.03.15 08:57
scripts/status
Battery fully charged


23.03.15 08:57
scripts/status
Battery fully charged


23.03.15 08:57
scripts/status
Battery fully charged


23.03.15 08:58
scripts/status
Battery fully charged


23.03.15 08:58
scripts/status
Battery fully charged


23.03.15 08:58
scripts/status
Battery fully charged


23.03.15 08:58
scripts/status
Battery fully charged


23.03.15 08:58
scripts/status
Battery fully charged


23.03.15 08:58
scripts/status
Battery fully charged


23.03.15 08:58
scripts/status
Battery fully charged


23.03.15 08:58
scripts/status
Battery fully charged


23.03.15 08:58
scripts/status
Battery fully charged


23.03.15 08:58
scripts/status
Battery fully charged


23.03.15 08:58
scripts/status
Battery fully charged


23.03.15 08:58
scripts/status
Battery fully charged


23.03.15 08:58
scripts/status
Battery fully charged


23.03.15 08:58
scripts/status
Battery fully charged


23.03.15 08:59
scripts/status
Battery fully charged


23.03.15 08:59
scripts/status
Battery fully charged


23.03.15 08:59
scripts/status
Battery fully charged


23.03.15 08:59
scripts/status
Battery fully charged


23.03.15 08:59
scripts/status
Battery fully charged


23.03.15 08:59
scripts/status
Battery fully charged


23.03.15 08:59
scripts/status
Battery fully charged


23.03.15 08:59
scripts/status
Battery fully charged


23.03.15 08:59
scripts/status
Battery fully charged


23.03.15 08:59
scripts/status
Battery fully charged


23.03.15 08:59
scripts/status
Battery fully charged


23.03.15 08:59
scripts/status
Battery fully charged


23.03.15 08:59
scripts/status
Battery fully charged


23.03.15 08:59
scripts/status
Battery fully charged


23.03.15 09:00
scripts/status
Battery fully charged


23.03.15 09:00
scripts/status
Battery fully charged


23.03.15 09:00
scripts/status
Battery fully charged


23.03.15 09:00
scripts/status
Battery fully charged


23.03.15 09:00
scripts/status
Battery fully charged


23.03.15 09:00
scripts/status
Battery fully charged


23.03.15 09:00
scripts/status
Battery fully charged


23.03.15 09:00
scripts/status
Battery fully charged


23.03.15 09:00
scripts/status
Battery fully charged


23.03.15 09:00
scripts/status
Battery fully charged


23.03.15 09:00
scripts/status
Battery fully charged


23.03.15 09:00
scripts/status
Battery fully charged


23.03.15 09:00
scripts/status
Battery fully charged


23.03.15 09:01
scripts/status
Battery fully charged


23.03.15 09:01
scripts/status
Battery fully charged


23.03.15 09:01
scripts/status
Battery fully charged


23.03.15 09:01
scripts/status
Battery fully charged


23.03.15 09:01
scripts/status
Battery fully charged


23.03.15 09:01
scripts/status
Battery fully charged


23.03.15 09:01
scripts/status
Battery fully charged


23.03.15 09:01
scripts/status
Battery fully charged


23.03.15 09:01
scripts/status
Battery fully charged


23.03.15 09:01
scripts/status
Battery fully charged


23.03.15 09:01
scripts/status
Battery fully charged


23.03.15 09:01
scripts/status
Battery fully charged


23.03.15 09:01
scripts/status
Battery fully charged


23.03.15 09:01
scripts/status
Battery fully charged


23.03.15 09:02
scripts/status
Battery fully charged


23.03.15 09:02
scripts/status
Battery fully charged


23.03.15 09:02
scripts/status
Battery fully charged


23.03.15 09:02
scripts/status
Battery fully charged


23.03.15 09:02
scripts/status
Battery fully charged


23.03.15 09:02
scripts/status
Battery fully charged


23.03.15 09:02
scripts/status
Battery fully charged


23.03.15 09:02
scripts/status
Battery fully charged


23.03.15 09:02
scripts/status
Battery fully charged


23.03.15 09:02
scripts/status
Battery fully charged


23.03.15 09:02
scripts/status
Battery fully charged


23.03.15 09:02
scripts/status
Battery fully charged


23.03.15 09:02
scripts/status
Battery fully charged


23.03.15 09:02
scripts/status
Battery fully charged


23.03.15 09:03
scripts/status
Battery fully charged


23.03.15 09:03
scripts/status
Battery fully charged


23.03.15 09:03
scripts/status
Battery fully charged


23.03.15 09:03
scripts/status
Battery fully charged


23.03.15 09:03
scripts/status
Battery fully charged


23.03.15 09:03
scripts/status
Battery fully charged


23.03.15 09:03
scripts/status
Battery fully charged


23.03.15 09:03
scripts/status
Battery fully charged


23.03.15 09:03
scripts/status
Battery fully charged


23.03.15 09:03
scripts/status
Battery fully charged


23.03.15 09:03
scripts/status
Battery fully charged


23.03.15 09:03
scripts/status
Battery fully charged


23.03.15 09:03
scripts/status
Battery fully charged


23.03.15 09:03
scripts/status
Battery fully charged


23.03.15 09:04
scripts/status
Battery fully charged


23.03.15 09:04
scripts/status
Battery fully charged


23.03.15 09:04
scripts/status
Battery fully charged


23.03.15 09:04
scripts/status
Battery fully charged


23.03.15 09:04
scripts/status
Battery fully charged


23.03.15 09:04
scripts/status
Battery fully charged


23.03.15 09:04
scripts/status
Battery fully charged


23.03.15 09:04
scripts/status
Battery fully charged


23.03.15 09:04
scripts/status
Battery fully charged


23.03.15 09:04
scripts/status
Battery fully charged


23.03.15 09:04
scripts/status
Battery fully charged


23.03.15 09:04
scripts/status
Battery fully charged


23.03.15 09:04
scripts/status
Battery fully charged


23.03.15 09:05
scripts/status
Battery fully charged


23.03.15 09:05
scripts/status
Battery fully charged


23.03.15 09:05
scripts/status
Battery fully charged


23.03.15 09:05
scripts/status
Battery fully charged


23.03.15 09:05
scripts/status
Battery fully charged


23.03.15 09:05
scripts/status
Battery fully charged


23.03.15 09:05
scripts/status
Battery fully charged


23.03.15 09:05
scripts/status
Battery fully charged


23.03.15 09:05
scripts/status
Battery fully charged


23.03.15 09:05
scripts/status
Battery fully charged


23.03.15 09:05
scripts/status
Battery fully charged


23.03.15 09:05
scripts/status
Battery fully charged


23.03.15 09:05
scripts/status
Battery fully charged


23.03.15 09:05
scripts/status
Battery fully charged


23.03.15 09:06
scripts/status
Battery fully charged


23.03.15 09:06
scripts/status
Battery fully charged


23.03.15 09:06
scripts/status
Battery fully charged


23.03.15 09:06
scripts/status
Battery fully charged


23.03.15 09:06
scripts/status
Battery fully charged


23.03.15 09:06
scripts/status
Battery fully charged


23.03.15 09:06
scripts/status
Battery fully charged


23.03.15 09:06
scripts/status
Battery fully charged


23.03.15 09:06
scripts/status
Battery fully charged


23.03.15 09:06
scripts/status
Battery fully charged


23.03.15 09:06
scripts/status
Battery fully charged


23.03.15 09:06
scripts/status
Battery fully charged


23.03.15 09:06
scripts/status
Battery fully charged


23.03.15 09:06
scripts/status
Battery fully charged


23.03.15 09:07
scripts/status
Battery fully charged


23.03.15 09:07
scripts/status
Battery fully charged


23.03.15 09:07
scripts/status
Battery fully charged


23.03.15 09:07
scripts/status
Battery fully charged


23.03.15 09:07
scripts/status
Battery fully charged


23.03.15 09:07
scripts/status
Battery fully charged


23.03.15 09:07
scripts/status
Battery fully charged


23.03.15 09:07
scripts/status
Battery fully charged


23.03.15 09:07
scripts/status
Battery fully charged


23.03.15 09:07
scripts/status
Battery fully charged


23.03.15 09:07
scripts/status
Battery fully charged


23.03.15 09:07
scripts/status
Battery fully charged


23.03.15 09:07
scripts/status
Battery fully charged


23.03.15 09:07
scripts/status
Battery fully charged


23.03.15 09:08
scripts/status
Battery fully charged


23.03.15 09:08
scripts/status
Battery fully charged


23.03.15 09:08
scripts/status
Battery fully charged


23.03.15 09:08
scripts/status
Battery fully charged


23.03.15 09:08
scripts/status
Battery fully charged


23.03.15 09:08
scripts/status
Battery fully charged


23.03.15 09:08
scripts/status
Battery fully charged


23.03.15 09:08
scripts/status
Battery fully charged


23.03.15 09:08
scripts/status
Battery fully charged


23.03.15 09:08
scripts/status
Battery fully charged


23.03.15 09:08
scripts/status
Battery fully charged


23.03.15 09:08
scripts/status
Battery fully charged


23.03.15 09:08
scripts/status
Battery fully charged


23.03.15 09:08
scripts/status
Battery fully charged


23.03.15 09:09
scripts/status
Battery fully charged


23.03.15 09:09
scripts/status
Battery fully charged


23.03.15 09:09
scripts/status
Battery fully charged


23.03.15 09:09
scripts/status
Battery fully charged


23.03.15 09:09
scripts/status
Battery fully charged


23.03.15 09:09
scripts/status
Battery fully charged


23.03.15 09:09
scripts/status
Battery fully charged


23.03.15 09:09
scripts/status
Battery fully charged


23.03.15 09:09
scripts/status
Battery fully charged


23.03.15 09:09
scripts/status
Battery fully charged


23.03.15 09:09
scripts/status
Battery fully charged


23.03.15 09:09
scripts/status
Battery fully charged


23.03.15 09:09
scripts/status
Battery fully charged


23.03.15 09:10
scripts/status
Battery fully charged


23.03.15 09:10
scripts/status
Battery fully charged


23.03.15 09:10
scripts/status
Battery fully charged


23.03.15 09:10
scripts/status
Battery fully charged


23.03.15 09:10
scripts/status
Battery fully charged


23.03.15 09:10
scripts/status
Battery fully charged


23.03.15 09:10
scripts/status
Battery fully charged


23.03.15 09:10
scripts/status
Battery fully charged


23.03.15 09:10
scripts/status
Battery fully charged


23.03.15 09:10
scripts/status
Battery fully charged


23.03.15 09:10
scripts/status
Battery fully charged


23.03.15 09:10
scripts/status
Battery fully charged


23.03.15 09:10
scripts/status
Battery fully charged


23.03.15 09:10
scripts/status
Battery fully charged


23.03.15 09:11
scripts/status
Battery fully charged


23.03.15 09:11
scripts/status
Battery fully charged


23.03.15 09:11
scripts/status
Battery fully charged


23.03.15 09:11
scripts/status
Battery fully charged


23.03.15 09:11
scripts/status
Battery fully charged


23.03.15 09:11
scripts/status
Battery fully charged


23.03.15 09:11
scripts/status
Battery fully charged


23.03.15 09:11
scripts/status
Battery fully charged


23.03.15 09:11
scripts/status
Battery fully charged


23.03.15 09:11
scripts/status
Battery fully charged


23.03.15 09:11
scripts/status
Battery fully charged


23.03.15 09:11
scripts/status
Battery fully charged


23.03.15 09:11
scripts/status
Battery fully charged


23.03.15 09:11
scripts/status
Battery fully charged


23.03.15 09:12
scripts/status
Battery fully charged


23.03.15 09:12
scripts/status
Battery fully charged


23.03.15 09:12
scripts/status
Battery fully charged


23.03.15 09:12
scripts/status
Battery fully charged


23.03.15 09:12
scripts/status
Battery fully charged


23.03.15 09:12
scripts/status
Battery fully charged


23.03.15 09:12
scripts/status
Battery fully charged


23.03.15 09:12
scripts/status
Battery fully charged


23.03.15 09:12
scripts/status
Battery fully charged


23.03.15 09:12
scripts/status
Battery fully charged


23.03.15 09:12
scripts/status
Battery fully charged


23.03.15 09:12
scripts/status
Battery fully charged


23.03.15 09:12
scripts/status
Battery fully charged


23.03.15 09:12
scripts/status
Battery fully charged


23.03.15 09:13
scripts/status
Battery fully charged


23.03.15 09:13
scripts/status
Battery fully charged


23.03.15 09:13
scripts/status
Battery fully charged


23.03.15 09:13
scripts/status
Battery fully charged


23.03.15 09:13
scripts/status
Battery fully charged


23.03.15 09:13
scripts/status
Battery fully charged


23.03.15 09:13
scripts/status
Battery fully charged


23.03.15 09:13
scripts/status
Battery fully charged


23.03.15 09:13
scripts/status
Battery fully charged


23.03.15 09:13
scripts/status
Battery fully charged


23.03.15 09:13
notif

Keyboard Connected (BT)

23.03.15 09:13
scripts/status
Battery fully charged


23.03.15 09:39
notif



23.03.15 11:00
notif

Keyboard Disconnected (BT)

23.03.15 11:01
notif

Keyboard Connected (BT)

23.03.15 11:01
levels/bright
 


23.03.15 11:01
levels/bright
 


23.03.15 11:01
levels/bright
 


23.03.15 11:01
levels/bright
 


23.03.15 11:01
levels/bright
 


23.03.15 11:01
levels/bright
 


23.03.15 11:01
levels/bright
 


23.03.15 11:01
levels/bright
 


23.03.15 11:01
levels/bright
 


23.03.15 11:01
levels/bright
 


23.03.15 11:01
levels/bright
 


23.03.15 11:01
levels/bright
 


23.03.15 11:01
levels/bright
 


23.03.15 11:01
levels/bright
 


23.03.15 11:01
levels/bright
 


23.03.15 11:01
levels/bright
 


23.03.15 11:01
levels/bright
 


23.03.15 11:01
levels/bright
 


23.03.15 11:01
levels/bright
 


23.03.15 11:01
levels/bright
 


23.03.15 11:01
levels/bright
 


23.03.15 11:01
levels/bright
 


23.03.15 11:02
levels/vol
Vol: muted


23.03.15 11:02
levels/vol
Vol: muted


23.03.15 11:02
levels/vol
Vol: muted


23.03.15 11:02
levels/vol
Vol: muted


23.03.15 11:02
levels/vol
Vol: muted


23.03.15 11:02
levels/vol
Vol: muted


23.03.15 11:05
notif

exam

23.03.15 11:08
notif



23.03.15 11:25
notif

exam

23.03.15 11:29
Alert

pomo 3m

23.03.15 12:50
Alert

pomo 1h20m

23.03.15 12:52
levels/vol
Vol: 


23.03.15 12:52
levels/vol
Vol: muted


23.03.15 13:56
Prayer
Duhr


23.03.15 13:56
scripts/Battery
Battery below maintenance level


23.03.15 13:56
notif

Keyboard Disconnected (BT)

23.03.15 13:56
notif

Keyboard Connected (BT)

23.03.15 14:00
scripts/Battery
Battery below maintenance level


23.03.15 14:24
levels/vol
Vol: muted


23.03.15 14:25
levels/vol
Vol: 


23.03.15 15:17
scripts/status
Battery fully charged


23.03.15 15:17
scripts/status
Battery fully charged


23.03.15 15:17
scripts/status
Battery fully charged


23.03.15 15:18
scripts/status
Battery fully charged


23.03.15 15:18
scripts/status
Battery fully charged


23.03.15 15:18
scripts/status
Battery fully charged


23.03.15 15:18
scripts/status
Battery fully charged


23.03.15 15:18
scripts/status
Battery fully charged


23.03.15 15:18
scripts/status
Battery fully charged


23.03.15 15:18
scripts/status
Battery fully charged


23.03.15 15:18
scripts/status
Battery fully charged


23.03.15 15:18
scripts/status
Battery fully charged


23.03.15 15:18
scripts/status
Battery fully charged


23.03.15 15:19
scripts/status
Battery fully charged


23.03.15 15:19
scripts/status
Battery fully charged


23.03.15 15:19
scripts/status
Battery fully charged


23.03.15 15:19
scripts/status
Battery fully charged


23.03.15 15:19
scripts/status
Battery fully charged


23.03.15 15:19
scripts/status
Battery fully charged


23.03.15 15:19
scripts/status
Battery fully charged


23.03.15 15:19
scripts/status
Battery fully charged


23.03.15 15:19
scripts/status
Battery fully charged


23.03.15 15:19
scripts/status
Battery fully charged


23.03.15 15:20
scripts/status
Battery fully charged


23.03.15 15:20
scripts/status
Battery fully charged


23.03.15 15:20
scripts/status
Battery fully charged


23.03.15 15:20
scripts/status
Battery fully charged


23.03.15 15:20
scripts/status
Battery fully charged


23.03.15 15:20
scripts/status
Battery fully charged


23.03.15 15:20
scripts/status
Battery fully charged


23.03.15 15:20
scripts/status
Battery fully charged


23.03.15 15:20
scripts/status
Battery fully charged


23.03.15 15:20
scripts/status
Battery fully charged


23.03.15 15:21
scripts/status
Battery fully charged


23.03.15 15:21
scripts/status
Battery fully charged


23.03.15 15:21
scripts/status
Battery fully charged


23.03.15 15:21
scripts/status
Battery fully charged


23.03.15 15:21
scripts/status
Battery fully charged


23.03.15 15:21
scripts/status
Battery fully charged


23.03.15 15:21
scripts/status
Battery fully charged


23.03.15 15:21
scripts/status
Battery fully charged


23.03.15 15:21
scripts/status
Battery fully charged


23.03.15 15:21
scripts/status
Battery fully charged


23.03.15 15:21
scripts/status
Battery fully charged


23.03.15 15:22
scripts/status
Battery fully charged


23.03.15 15:22
scripts/status
Battery fully charged


23.03.15 15:22
scripts/status
Battery fully charged


23.03.15 15:22
scripts/status
Battery fully charged


23.03.15 15:22
scripts/status
Battery fully charged


23.03.15 15:22
scripts/status
Battery fully charged


23.03.15 15:22
scripts/status
Battery fully charged


23.03.15 15:22
scripts/status
Battery fully charged


23.03.15 15:22
scripts/status
Battery fully charged


23.03.15 15:22
scripts/status
Battery fully charged


23.03.15 15:23
scripts/status
Battery fully charged


23.03.15 15:23
scripts/status
Battery fully charged


23.03.15 15:23
scripts/status
Battery fully charged


23.03.15 15:23
scripts/status
Battery fully charged


23.03.15 15:23
scripts/status
Battery fully charged


23.03.15 15:23
scripts/status
Battery fully charged


23.03.15 15:23
scripts/status
Battery fully charged


23.03.15 15:23
scripts/status
Battery fully charged


23.03.15 15:23
scripts/status
Battery fully charged


23.03.15 15:23
scripts/status
Battery fully charged


23.03.15 15:24
scripts/status
Battery fully charged


23.03.15 15:24
scripts/status
Battery fully charged


23.03.15 15:24
scripts/status
Battery fully charged


23.03.15 15:24
scripts/status
Battery fully charged


23.03.15 15:24
scripts/status
Battery fully charged


23.03.15 15:24
scripts/status
Battery fully charged


23.03.15 15:24
scripts/status
Battery fully charged


23.03.15 15:24
scripts/status
Battery fully charged


23.03.15 15:24
scripts/status
Battery fully charged


23.03.15 15:24
scripts/status
Battery fully charged


23.03.15 15:25
scripts/status
Battery fully charged


23.03.15 15:25
scripts/status
Battery fully charged


23.03.15 15:25
scripts/status
Battery fully charged


23.03.15 15:25
scripts/status
Battery fully charged


23.03.15 15:25
scripts/status
Battery fully charged


23.03.15 15:25
scripts/status
Battery fully charged


23.03.15 15:25
scripts/status
Battery fully charged


23.03.15 15:25
scripts/status
Battery fully charged


23.03.15 15:25
scripts/status
Battery fully charged


23.03.15 15:25
scripts/status
Battery fully charged


23.03.15 15:26
scripts/status
Battery fully charged


23.03.15 15:26
scripts/status
Battery fully charged


23.03.15 15:26
scripts/status
Battery fully charged


23.03.15 15:26
scripts/status
Battery fully charged


23.03.15 15:26
scripts/status
Battery fully charged


23.03.15 15:26
scripts/status
Battery fully charged


23.03.15 15:26
scripts/status
Battery fully charged


23.03.15 15:26
scripts/status
Battery fully charged


23.03.15 15:26
scripts/status
Battery fully charged


23.03.15 15:26
scripts/status
Battery fully charged


23.03.15 15:27
scripts/status
Battery fully charged


23.03.15 15:27
scripts/status
Battery fully charged


23.03.15 15:27
scripts/status
Battery fully charged


23.03.15 15:27
scripts/status
Battery fully charged


23.03.15 15:27
scripts/status
Battery fully charged


23.03.15 15:27
scripts/status
Battery fully charged


23.03.15 15:27
scripts/status
Battery fully charged


23.03.15 15:27
scripts/status
Battery fully charged


23.03.15 15:27
scripts/status
Battery fully charged


23.03.15 15:27
scripts/status
Battery fully charged


23.03.15 15:28
scripts/status
Battery fully charged


23.03.15 15:28
scripts/status
Battery fully charged


23.03.15 15:28
scripts/status
Battery fully charged


23.03.15 15:28
scripts/status
Battery fully charged


23.03.15 15:28
scripts/status
Battery fully charged


23.03.15 15:28
scripts/status
Battery fully charged


23.03.15 15:28
scripts/status
Battery fully charged


23.03.15 15:28
scripts/status
Battery fully charged


23.03.15 15:28
scripts/status
Battery fully charged


23.03.15 15:28
scripts/status
Battery fully charged


23.03.15 15:28
scripts/status
Battery fully charged


23.03.15 21:19
notif

Keyboard Disconnected (BT)

23.03.15 21:19
notif

Keyboard Connected (BT)

23.03.15 21:19
levels/bright
 


23.03.15 21:19
levels/bright
 


23.03.15 21:19
levels/bright
 


23.03.15 21:19
levels/bright
 


23.03.15 21:19
levels/bright
 


23.03.15 21:19
levels/bright
 


23.03.15 21:19
levels/bright
 


23.03.15 21:19
levels/bright
 


23.03.15 21:19
levels/bright
 


23.03.15 21:19
levels/bright
 


23.03.15 21:19
levels/bright
 


23.03.15 21:19
levels/bright
 


23.03.15 21:19
levels/bright
 


23.03.15 21:19
levels/bright
 


23.03.15 21:19
levels/bright
 


23.03.15 21:19
levels/bright
 


23.03.15 21:19
levels/bright
 


23.03.15 21:19
levels/bright
 


23.03.15 21:19
levels/bright
 


23.03.15 21:19
levels/bright
 


23.03.15 21:19
levels/bright
 


23.03.15 21:30
Sleep Warning

<b>Sleep</b> in 15 minutes

23.03.15 22:00
scripts/Battery
Battery below maintenance level


23.03.15 22:00
levels/vol
Vol: 


23.03.15 22:00
levels/vol
Vol: 


23.03.15 22:00
levels/vol
Vol: 


23.03.15 22:00
levels/vol
Vol: 


23.03.15 22:00
levels/vol
Vol: 


23.03.15 22:15
scripts/Battery
Battery below maintenance level


23.03.15 22:43
notif

Keyboard Disconnected (BT)

23.03.15 22:45
notif

Keyboard Connected (BT)

23.03.15 23:45
scripts/status
Battery fully charged


23.03.15 23:45
scripts/status
Battery fully charged


23.03.15 23:45
scripts/status
Battery fully charged


23.03.15 23:45
scripts/status
Battery fully charged


23.03.15 23:45
scripts/status
Battery fully charged


23.03.15 23:46
scripts/status
Battery fully charged


23.03.15 23:46
scripts/status
Battery fully charged


23.03.15 23:46
scripts/status
Battery fully charged


23.03.15 23:46
scripts/status
Battery fully charged


23.03.15 23:46
scripts/status
Battery fully charged


23.03.15 23:46
scripts/status
Battery fully charged


23.03.15 23:46
scripts/status
Battery fully charged


23.03.15 23:46
scripts/status
Battery fully charged


23.03.15 23:46
scripts/status
Battery fully charged


23.03.15 23:57
notif

Keyboard Disconnected (BT)

23.03.15 23:57
notif

Keyboard Connected (BT)

23.03.16 00:02
levels/vol
Vol: 


23.03.16 00:02
levels/vol
Vol: 


23.03.16 00:02
levels/vol
Vol: 


23.03.16 00:02
levels/vol
Vol: 


23.03.16 00:02
levels/vol
Vol: 


23.03.16 00:02
levels/vol
Vol: 


23.03.16 00:02
levels/vol
Vol: 


23.03.16 00:02
levels/vol
Vol: 


23.03.16 00:02
levels/vol
Vol: 


23.03.16 00:02
levels/vol
Vol: 


23.03.16 00:02
levels/vol
Vol: 


23.03.16 00:02
levels/vol
Vol: 


23.03.16 00:02
levels/vol
Vol: 


23.03.16 00:02
levels/vol
Vol: 


23.03.16 00:02
levels/vol
Vol: 


23.03.16 00:02
levels/vol
Vol: 


23.03.16 00:02
levels/vol
Vol: 


23.03.16 00:02
levels/vol
Vol: 


23.03.16 00:02
levels/vol
Vol: 


23.03.16 00:02
levels/vol
Vol: 


23.03.16 00:02
levels/vol
Vol: 


23.03.16 00:02
levels/vol
Vol: 


23.03.16 00:02
levels/vol
Vol: 


23.03.16 00:02
levels/vol
Vol: 


23.03.16 00:02
levels/vol
Vol: 


23.03.16 00:02
levels/vol
Vol: 


23.03.16 00:02
levels/vol
Vol: 


23.03.16 00:02
levels/vol
Vol: 


23.03.16 00:02
levels/vol
Vol: 


23.03.16 00:02
levels/vol
Vol: 


23.03.16 00:02
levels/vol
Vol: 


23.03.16 00:02
levels/vol
Vol: 


23.03.16 00:02
levels/vol
Vol: 


23.03.16 00:02
levels/vol
Vol: 


23.03.16 00:02
levels/vol
Vol: 


23.03.16 00:02
levels/vol
Vol: 


23.03.16 00:02
levels/vol
Vol: 


23.03.16 00:02
levels/vol
Vol: 


23.03.16 00:02
levels/vol
Vol: 


23.03.16 00:02
levels/vol
Vol: 


23.03.16 00:02
levels/vol
Vol: 


23.03.16 00:02
levels/vol
Vol: 


23.03.16 00:02
levels/vol
Vol: 


23.03.16 00:02
levels/vol
Vol: 


23.03.16 00:02
levels/vol
Vol: 


23.03.16 00:02
levels/vol
Vol: 


23.03.16 00:02
levels/vol
Vol: 


23.03.16 11:47
notif

Keyboard Disconnected (BT)

23.03.16 11:47
notif

Keyboard Connected (BT)

23.03.16 12:09
Al-Fatihah
1
Al-Muaiqly

23.03.16 12:52
levels/bright
 


23.03.16 13:32
notif

Keyboard Disconnected (BT)

23.03.16 15:29
notif

Keyboard Connected (BT)

23.03.16 15:58
notif

Keyboard Disconnected (BT)

23.03.16 15:58
notif

Keyboard Connected (BT)

23.03.16 16:00
notify-send.sh
internet connection established


23.03.16 17:02
Prayer
Asr


23.03.16 17:12
scripts/status
Battery fully charged


23.03.16 17:13
scripts/status
Battery fully charged


23.03.16 17:13
scripts/status
Battery fully charged


23.03.16 17:13
scripts/status
Battery fully charged


23.03.16 17:13
scripts/status
Battery fully charged


23.03.16 17:13
scripts/status
Battery fully charged


23.03.16 17:13
scripts/status
Battery fully charged


23.03.16 17:13
scripts/status
Battery fully charged


23.03.16 17:13
scripts/status
Battery fully charged


23.03.16 17:13
scripts/status
Battery fully charged


23.03.16 17:17
levels/bright
 


23.03.16 17:17
levels/bright
 


23.03.16 17:17
levels/bright
 


23.03.16 17:17
levels/bright
 


23.03.16 17:17
levels/bright
 


23.03.16 17:17
levels/bright
 


23.03.16 17:17
levels/bright
 


23.03.16 17:17
levels/bright
 


23.03.16 17:17
levels/bright
 


23.03.16 17:17
levels/bright
 


23.03.16 17:17
levels/bright
 


23.03.16 17:17
levels/bright
 


23.03.16 17:44
levels/vol
Vol: 


23.03.16 17:44
levels/vol
Vol: 


23.03.16 17:44
levels/vol
Vol: 


23.03.16 17:44
levels/vol
Vol: 


23.03.16 17:44
levels/vol
Vol: 


23.03.16 17:44
levels/vol
Vol: 


23.03.16 17:44
levels/vol
Vol: 


23.03.16 17:44
levels/vol
Vol: 


23.03.16 17:44
levels/vol
Vol: 


23.03.16 17:44
levels/vol
Vol: 


23.03.16 17:44
levels/vol
Vol: 


23.03.16 17:44
levels/vol
Vol: 


23.03.16 17:44
levels/vol
Vol: 


23.03.16 17:44
levels/vol
Vol: 


23.03.16 17:44
levels/vol
Vol: 


23.03.16 17:44
levels/vol
Vol: 


23.03.16 17:44
levels/vol
Vol: 


23.03.16 17:44
levels/vol
Vol: 


23.03.16 17:44
levels/vol
Vol: 


23.03.16 17:44
levels/vol
Vol: 


23.03.16 17:44
levels/vol
Vol: 


23.03.16 17:44
levels/vol
Vol: 


23.03.16 17:44
levels/vol
Vol: 


23.03.16 17:44
levels/vol
Vol: 


23.03.16 17:44
levels/vol
Vol: 


23.03.16 17:50
levels/bright
 


23.03.16 18:36
levels/vol
Vol: 


23.03.16 18:46
notif

Keyboard Disconnected (BT)

23.03.16 19:43
Prayer
Maghrib


23.03.16 20:37
Prayer
Isha


23.03.16 21:30
scripts/Battery
Battery below maintenance level


23.03.16 21:30
Sleep Warning

<b>Sleep</b> in 15 minutes

23.03.16 21:45
scripts/Battery
Battery below maintenance level


23.03.16 22:00
scripts/Battery
Battery below maintenance level


23.03.16 22:15
scripts/Battery
Battery below maintenance level


23.03.16 22:30
scripts/Battery
Battery below maintenance level


23.03.16 22:45
scripts/Battery
Battery below maintenance level


23.03.16 23:00
scripts/Battery
Battery below maintenance level


23.03.16 23:06
notif

Keyboard Connected (BT)

23.03.17 01:56
notif

Keyboard Disconnected (BT)

23.03.17 01:56
notif

Keyboard Connected (BT)

23.03.17 01:56
notif

Keyboard Disconnected (BT)

23.03.17 01:56
notif

Keyboard Connected (BT)

23.03.17 01:57
notify-send.sh
internet connection established


23.03.17 02:00
scripts/Battery
Battery below maintenance level


23.03.17 02:05
levels/bright
 


23.03.17 02:05
levels/bright
 


23.03.17 02:05
levels/bright
 


23.03.17 02:05
levels/bright
 


23.03.17 02:05
levels/bright
 


23.03.17 02:05
levels/bright
 


23.03.17 02:05
levels/bright
 


23.03.17 02:15
scripts/Battery
Battery below maintenance level


23.03.17 02:20
levels/vol
Vol: 


23.03.17 02:20
levels/vol
Vol: 


23.03.17 02:20
levels/vol
Vol: 


23.03.17 02:20
levels/vol
Vol: 


23.03.17 02:20
levels/vol
Vol: 


23.03.17 02:20
levels/vol
Vol: 


23.03.17 02:20
levels/vol
Vol: 


23.03.17 02:20
levels/vol
Vol: 


23.03.17 02:20
levels/vol
Vol: 


23.03.17 02:20
levels/vol
Vol: 


23.03.17 02:20
levels/vol
Vol: 


23.03.17 02:20
levels/vol
Vol: 


23.03.17 02:20
levels/vol
Vol: 


23.03.17 02:20
levels/vol
Vol: 


23.03.17 02:20
levels/vol
Vol: 


23.03.17 02:20
levels/vol
Vol: 


23.03.17 02:30
scripts/Battery
Battery below maintenance level


23.03.17 02:45
scripts/Battery
Battery below maintenance level


23.03.17 02:50
levels/vol
Vol: 


23.03.17 02:50
levels/vol
Vol: 


23.03.17 02:50
levels/vol
Vol: 


23.03.17 02:50
levels/vol
Vol: 


23.03.17 02:50
levels/vol
Vol: 


23.03.17 02:50
levels/vol
Vol: 


23.03.17 02:50
levels/vol
Vol: 


23.03.17 02:50
levels/vol
Vol: 


23.03.17 02:50
levels/vol
Vol: 


23.03.17 02:50
levels/vol
Vol: 


23.03.17 02:50
levels/vol
Vol: 


23.03.17 02:50
levels/vol
Vol: 


23.03.17 02:50
levels/vol
Vol: 


23.03.17 02:50
levels/vol
Vol: 


23.03.17 02:50
levels/vol
Vol: 


23.03.17 02:50
levels/vol
Vol: 


23.03.17 02:50
levels/vol
Vol: 


23.03.17 02:50
levels/vol
Vol: 


23.03.17 02:50
levels/vol
Vol: 


23.03.17 02:50
levels/vol
Vol: 


23.03.17 02:50
levels/vol
Vol: 


23.03.17 02:50
levels/vol
Vol: 


23.03.17 02:50
levels/vol
Vol: 


23.03.17 02:50
levels/vol
Vol: 


23.03.17 02:50
levels/vol
Vol: 


23.03.17 02:50
levels/vol
Vol: 


23.03.17 02:50
levels/vol
Vol: 


23.03.17 02:50
levels/vol
Vol: 


23.03.17 02:54
levels/vol
Vol: 


23.03.17 02:54
levels/vol
Vol: 


23.03.17 02:54
levels/vol
Vol: 


23.03.17 02:54
levels/vol
Vol: 


23.03.17 02:54
levels/vol
Vol: 


23.03.17 02:54
levels/vol
Vol: 


23.03.17 02:54
levels/vol
Vol: 


23.03.17 02:54
levels/vol
Vol: 


23.03.17 02:54
levels/vol
Vol: 


23.03.17 02:54
levels/vol
Vol: 


23.03.17 02:54
levels/vol
Vol: 


23.03.17 02:54
levels/vol
Vol: 


23.03.17 02:54
levels/vol
Vol: 


23.03.17 02:54
levels/vol
Vol: 


23.03.17 02:54
levels/vol
Vol: 


23.03.17 02:54
levels/vol
Vol: 


23.03.17 02:54
levels/vol
Vol: 


23.03.17 02:54
levels/vol
Vol: 


23.03.17 02:54
levels/vol
Vol: 


23.03.17 02:54
levels/vol
Vol: 


23.03.17 02:54
levels/vol
Vol: 


23.03.17 02:54
levels/vol
Vol: 


23.03.17 02:54
levels/vol
Vol: 


23.03.17 02:54
levels/vol
Vol: 


23.03.17 02:54
levels/vol
Vol: 


23.03.17 02:54
levels/vol
Vol: 


23.03.17 02:54
levels/vol
Vol: 


23.03.17 02:54
levels/vol
Vol: 


23.03.17 02:54
levels/vol
Vol: 


23.03.17 02:54
levels/vol
Vol: 


23.03.17 02:57
levels/vol
Vol: 


23.03.17 02:57
levels/vol
Vol: 


23.03.17 02:57
levels/vol
Vol: 


23.03.17 02:57
levels/vol
Vol: 


23.03.17 02:57
levels/vol
Vol: 


23.03.17 02:57
levels/vol
Vol: 


23.03.17 02:57
levels/vol
Vol: 


23.03.17 02:57
levels/vol
Vol: 


23.03.17 02:57
levels/vol
Vol: 


23.03.17 02:57
levels/vol
Vol: 


23.03.17 03:00
scripts/Battery
Battery below maintenance level


23.03.17 03:12
notif

Keyboard Disconnected (BT)

23.03.17 03:12
notif

Keyboard Connected (BT)

23.03.17 03:15
scripts/Battery
Battery below maintenance level


23.03.17 03:15
levels/vol
Vol: 


23.03.17 03:15
levels/vol
Vol: 


23.03.17 03:15
levels/vol
Vol: 


23.03.17 03:15
levels/vol
Vol: 


23.03.17 03:15
levels/vol
Vol: 


23.03.17 03:15
levels/vol
Vol: 


23.03.17 03:15
levels/vol
Vol: 


23.03.17 03:15
levels/vol
Vol: 


23.03.17 03:15
levels/vol
Vol: 


23.03.17 03:15
levels/vol
Vol: 


23.03.17 03:22
levels/bright
 


23.03.17 03:22
levels/bright
 


23.03.17 03:22
levels/bright
 


23.03.17 03:22
levels/bright
 


23.03.17 03:22
levels/bright
 


23.03.17 03:22
levels/bright
 


23.03.17 03:22
levels/bright
 


23.03.17 03:22
levels/bright
 


23.03.17 03:22
levels/bright
 


23.03.17 03:22
levels/bright
 


23.03.17 03:22
levels/bright
 


23.03.17 03:22
levels/bright
 


23.03.17 03:22
levels/bright
 


23.03.17 03:22
levels/bright
 


23.03.17 03:22
levels/bright
 


23.03.17 03:22
levels/bright
 


23.03.17 03:22
levels/bright
 


23.03.17 03:22
levels/bright
 


23.03.17 03:22
levels/bright
 


23.03.17 03:22
levels/bright
 


23.03.17 03:22
levels/bright
 


23.03.17 03:22
levels/bright
 


23.03.17 03:22
levels/bright
 


23.03.17 03:22
levels/bright
 


23.03.17 03:22
levels/bright
 


23.03.17 03:30
scripts/Battery
Battery below maintenance level


23.03.17 03:45
scripts/Battery
Battery below maintenance level


23.03.17 04:00
scripts/Battery
Battery below maintenance level


23.03.17 14:59
notif

Keyboard Disconnected (BT)

23.03.17 15:01
notif

Keyboard Connected (BT)

23.03.17 15:01
levels/bright
 


23.03.17 15:01
levels/bright
 


23.03.17 15:01
levels/bright
 


23.03.17 15:01
levels/bright
 


23.03.17 15:01
levels/bright
 


23.03.17 15:01
levels/bright
 


23.03.17 15:01
levels/bright
 


23.03.17 15:01
levels/bright
 


23.03.17 15:01
levels/bright
 


23.03.17 15:01
levels/bright
 


23.03.17 15:01
levels/bright
 


23.03.17 15:01
levels/bright
 


23.03.17 15:01
levels/bright
 


23.03.17 15:01
levels/bright
 


23.03.17 15:01
levels/bright
 


23.03.17 15:01
levels/bright
 


23.03.17 15:01
levels/bright
 


23.03.17 15:01
levels/bright
 


23.03.17 15:01
levels/bright
 


23.03.17 15:01
levels/bright
 


23.03.17 15:07
notif

Keyboard Connected (USB)
